# JRE version: OpenJDK Runtime Environment (8.0_242-b01) (build 1.8.0_242-release-1644-b01)
# Java VM: OpenJDK 64-Bit Server VM (25.242-b01 mixed mode windows-amd64 compressed oops)
Heap:
 PSYoungGen      total 190976K, used 59669K [0x00000000d5580000, 0x00000000e2a00000, 0x0000000100000000)
  eden space 172544K, 23% used [0x00000000d5580000,0x00000000d7dc8eb8,0x00000000dfe00000)
  from space 18432K, 99% used [0x00000000e0600000,0x00000000e17fc648,0x00000000e1800000)
  to   space 13824K, 0% used [0x00000000e1c80000,0x00000000e1c80000,0x00000000e2a00000)
 ParOldGen       total 80896K, used 47144K [0x0000000080000000, 0x0000000084f00000, 0x00000000d5580000)
  object space 80896K, 58% used [0x0000000080000000,0x0000000082e0a018,0x0000000084f00000)
 Metaspace       used 68230K, capacity 71092K, committed 71344K, reserved 1110016K
  class space    used 9239K, capacity 9853K, committed 9904K, reserved 1048576K
GC Heap History (10 events):
Event: 19.720 GC heap before
{Heap before GC invocations=16 (full 2):
 PSYoungGen      total 123904K, used 123875K [0x00000000d5580000, 0x00000000dfa00000, 0x0000000100000000)
  eden space 111616K, 100% used [0x00000000d5580000,0x00000000dc280000,0x00000000dc280000)
  from space 12288K, 99% used [0x00000000dc280000,0x00000000dce78f28,0x00000000dce80000)
  to   space 16384K, 0% used [0x00000000dea00000,0x00000000dea00000,0x00000000dfa00000)
 ParOldGen       total 80896K, used 19572K [0x0000000080000000, 0x0000000084f00000, 0x00000000d5580000)
  object space 80896K, 24% used [0x0000000080000000,0x000000008131d128,0x0000000084f00000)
 Metaspace       used 56152K, capacity 58148K, committed 58416K, reserved 1099776K
  class space    used 7668K, capacity 8135K, committed 8240K, reserved 1048576K
Event: 19.752 GC heap after
Heap after GC invocations=16 (full 2):
 PSYoungGen      total 151552K, used 11489K [0x00000000d5580000, 0x00000000e0600000, 0x0000000100000000)
  eden space 135168K, 0% used [0x00000000d5580000,0x00000000d5580000,0x00000000dd980000)
  from space 16384K, 70% used [0x00000000dea00000,0x00000000df538738,0x00000000dfa00000)
  to   space 16896K, 0% used [0x00000000dd980000,0x00000000dd980000,0x00000000dea00000)
 ParOldGen       total 80896K, used 26606K [0x0000000080000000, 0x0000000084f00000, 0x00000000d5580000)
  object space 80896K, 32% used [0x0000000080000000,0x00000000819fba20,0x0000000084f00000)
 Metaspace       used 56152K, capacity 58148K, committed 58416K, reserved 1099776K
  class space    used 7668K, capacity 8135K, committed 8240K, reserved 1048576K
}
Event: 19.966 GC heap before
{Heap before GC invocations=17 (full 2):
 PSYoungGen      total 151552K, used 24618K [0x00000000d5580000, 0x00000000e0600000, 0x0000000100000000)
  eden space 135168K, 9% used [0x00000000d5580000,0x00000000d6252490,0x00000000dd980000)
  from space 16384K, 70% used [0x00000000dea00000,0x00000000df538738,0x00000000dfa00000)
  to   space 16896K, 0% used [0x00000000dd980000,0x00000000dd980000,0x00000000dea00000)
 ParOldGen       total 80896K, used 26606K [0x0000000080000000, 0x0000000084f00000, 0x00000000d5580000)
  object space 80896K, 32% used [0x0000000080000000,0x00000000819fba20,0x0000000084f00000)
 Metaspace       used 57053K, capacity 59090K, committed 59160K, reserved 1099776K
  class space    used 7832K, capacity 8308K, committed 8368K, reserved 1048576K
Event: 19.983 GC heap after
Heap after GC invocations=17 (full 2):
 PSYoungGen      total 152064K, used 1376K [0x00000000d5580000, 0x00000000e2d00000, 0x0000000100000000)
  eden space 135168K, 0% used [0x00000000d5580000,0x00000000d5580000,0x00000000dd980000)
  from space 16896K, 8% used [0x00000000dd980000,0x00000000ddad8010,0x00000000dea00000)
  to   space 16896K, 0% used [0x00000000e1c80000,0x00000000e1c80000,0x00000000e2d00000)
 ParOldGen       total 80896K, used 33193K [0x0000000080000000, 0x0000000084f00000, 0x00000000d5580000)
  object space 80896K, 41% used [0x0000000080000000,0x000000008206a790,0x0000000084f00000)
 Metaspace       used 57053K, capacity 59090K, committed 59160K, reserved 1099776K
  class space    used 7832K, capacity 8308K, committed 8368K, reserved 1048576K
}
Event: 19.983 GC heap before
{Heap before GC invocations=18 (full 3):
 PSYoungGen      total 152064K, used 1376K [0x00000000d5580000, 0x00000000e2d00000, 0x0000000100000000)
  eden space 135168K, 0% used [0x00000000d5580000,0x00000000d5580000,0x00000000dd980000)
  from space 16896K, 8% used [0x00000000dd980000,0x00000000ddad8010,0x00000000dea00000)
  to   space 16896K, 0% used [0x00000000e1c80000,0x00000000e1c80000,0x00000000e2d00000)
 ParOldGen       total 80896K, used 33193K [0x0000000080000000, 0x0000000084f00000, 0x00000000d5580000)
  object space 80896K, 41% used [0x0000000080000000,0x000000008206a790,0x0000000084f00000)
 Metaspace       used 57053K, capacity 59090K, committed 59160K, reserved 1099776K
  class space    used 7832K, capacity 8308K, committed 8368K, reserved 1048576K
Event: 20.371 GC heap after
Heap after GC invocations=18 (full 3):
 PSYoungGen      total 152064K, used 0K [0x00000000d5580000, 0x00000000e2d00000, 0x0000000100000000)
  eden space 135168K, 0% used [0x00000000d5580000,0x00000000d5580000,0x00000000dd980000)
  from space 16896K, 0% used [0x00000000dd980000,0x00000000dd980000,0x00000000dea00000)
  to   space 16896K, 0% used [0x00000000e1c80000,0x00000000e1c80000,0x00000000e2d00000)
 ParOldGen       total 80896K, used 32332K [0x0000000080000000, 0x0000000084f00000, 0x00000000d5580000)
  object space 80896K, 39% used [0x0000000080000000,0x0000000081f931d0,0x0000000084f00000)
 Metaspace       used 57043K, capacity 59054K, committed 59160K, reserved 1099776K
  class space    used 7829K, capacity 8302K, committed 8368K, reserved 1048576K
}
Event: 24.990 GC heap before
{Heap before GC invocations=19 (full 3):
 PSYoungGen      total 152064K, used 135168K [0x00000000d5580000, 0x00000000e2d00000, 0x0000000100000000)
  eden space 135168K, 100% used [0x00000000d5580000,0x00000000dd980000,0x00000000dd980000)
  from space 16896K, 0% used [0x00000000dd980000,0x00000000dd980000,0x00000000dea00000)
  to   space 16896K, 0% used [0x00000000e1c80000,0x00000000e1c80000,0x00000000e2d00000)
 ParOldGen       total 80896K, used 32332K [0x0000000080000000, 0x0000000084f00000, 0x00000000d5580000)
  object space 80896K, 39% used [0x0000000080000000,0x0000000081f931d0,0x0000000084f00000)
 Metaspace       used 61043K, capacity 63570K, committed 63792K, reserved 1103872K
  class space    used 8366K, capacity 8892K, committed 9008K, reserved 1048576K
Event: 25.015 GC heap after
Heap after GC invocations=19 (full 3):
 PSYoungGen      total 186368K, used 13777K [0x00000000d5580000, 0x00000000e2a00000, 0x0000000100000000)
  eden space 172544K, 0% used [0x00000000d5580000,0x00000000d5580000,0x00000000dfe00000)
  from space 13824K, 99% used [0x00000000e1c80000,0x00000000e29f4640,0x00000000e2a00000)
  to   space 18432K, 0% used [0x00000000e0600000,0x00000000e0600000,0x00000000e1800000)
 ParOldGen       total 80896K, used 32340K [0x0000000080000000, 0x0000000084f00000, 0x00000000d5580000)
  object space 80896K, 39% used [0x0000000080000000,0x0000000081f951d0,0x0000000084f00000)
 Metaspace       used 61043K, capacity 63570K, committed 63792K, reserved 1103872K
  class space    used 8366K, capacity 8892K, committed 9008K, reserved 1048576K
}
Event: 30.274 GC heap before
{Heap before GC invocations=20 (full 3):
 PSYoungGen      total 186368K, used 186321K [0x00000000d5580000, 0x00000000e2a00000, 0x0000000100000000)
  eden space 172544K, 100% used [0x00000000d5580000,0x00000000dfe00000,0x00000000dfe00000)
  from space 13824K, 99% used [0x00000000e1c80000,0x00000000e29f4640,0x00000000e2a00000)
  to   space 18432K, 0% used [0x00000000e0600000,0x00000000e0600000,0x00000000e1800000)
 ParOldGen       total 80896K, used 32340K [0x0000000080000000, 0x0000000084f00000, 0x00000000d5580000)
  object space 80896K, 39% used [0x0000000080000000,0x0000000081f951d0,0x0000000084f00000)
 Metaspace       used 67008K, capacity 69838K, committed 69936K, reserved 1110016K
  class space    used 9143K, capacity 9756K, committed 9776K, reserved 1048576K
Event: 30.339 GC heap after
Heap after GC invocations=20 (full 3):
 PSYoungGen      total 190976K, used 18417K [0x00000000d5580000, 0x00000000e2a00000, 0x0000000100000000)
  eden space 172544K, 0% used [0x00000000d5580000,0x00000000d5580000,0x00000000dfe00000)
  from space 18432K, 99% used [0x00000000e0600000,0x00000000e17fc648,0x00000000e1800000)
  to   space 13824K, 0% used [0x00000000e1c80000,0x00000000e1c80000,0x00000000e2a00000)
 ParOldGen       total 80896K, used 47144K [0x0000000080000000, 0x0000000084f00000, 0x00000000d5580000)
  object space 80896K, 58% used [0x0000000080000000,0x0000000082e0a018,0x0000000084f00000)
 Metaspace       used 67008K, capacity 69838K, committed 69936K, reserved 1110016K
  class space    used 9143K, capacity 9756K, committed 9776K, reserved 1048576K
}

